Build started 8/21/2019 4:46:58 PM.
     1>Project "c:\Users\panachaitechaphaisal\documents\visual studio 2010\Projects\homework function\homework function\homework function.vcxproj" on node 2 (build target(s)).
     1>InitializeBuildStatus:
         Creating "Debug\homework function.unsuccessfulbuild" because "AlwaysCreate" was specified.
       ClCompile:
         c:\Program Files (x86)\Microsoft Visual Studio 10.0\VC\bin\CL.exe /c /ZI /nologo /W3 /WX- /Od /Oy- /D WIN32 /D _DEBUG /D _CONSOLE /D _UNICODE /D UNICODE /Gm /EHsc /RTC1 /MDd /GS /fp:precise /Zc:wchar_t /Zc:forScope /Fo"Debug\\" /Fd"Debug\vc100.pdb" /Gd /TP /analyze- /errorReport:prompt Random.cpp
         Random.cpp
     1>c:\users\panachaitechaphaisal\documents\visual studio 2010\projects\homework function\homework function\random.cpp(8): warning C4244: 'argument' : conversion from 'time_t' to 'unsigned int', possible loss of data
       ManifestResourceCompile:
         All outputs are up-to-date.
       Link:
         c:\Program Files (x86)\Microsoft Visual Studio 10.0\VC\bin\link.exe /ERRORREPORT:PROMPT /OUT:"c:\users\panachaitechaphaisal\documents\visual studio 2010\Projects\homework function\Debug\homework function.exe" /INCREMENTAL /NOLOGO kernel32.lib user32.lib gdi32.lib winspool.lib comdlg32.lib advapi32.lib shell32.lib ole32.lib oleaut32.lib uuid.lib odbc32.lib odbccp32.lib /MANIFEST /ManifestFile:"Debug\homework function.exe.intermediate.manifest" /MANIFESTUAC:"level='asInvoker' uiAccess='false'" /DEBUG /PDB:"c:\users\panachaitechaphaisal\documents\visual studio 2010\Projects\homework function\Debug\homework function.pdb" /SUBSYSTEM:CONSOLE /TLBID:1 /DYNAMICBASE /NXCOMPAT /IMPLIB:"c:\users\panachaitechaphaisal\documents\visual studio 2010\Projects\homework function\Debug\homework function.lib" /MACHINE:X86 "Debug\homework function.exe.embed.manifest.res"
         Debug\Random.obj
       Manifest:
         c:\Program Files (x86)\Microsoft SDKs\Windows\v7.0A\bin\mt.exe /nologo /verbose /out:"Debug\homework function.exe.embed.manifest" /manifest "Debug\homework function.exe.intermediate.manifest"
         All outputs are up-to-date.
       LinkEmbedManifest:
         All outputs are up-to-date.
         homework function.vcxproj -> c:\users\panachaitechaphaisal\documents\visual studio 2010\Projects\homework function\Debug\homework function.exe
       FinalizeBuildStatus:
         Deleting file "Debug\homework function.unsuccessfulbuild".
         Touching "Debug\homework function.lastbuildstate".
     1>Done Building Project "c:\Users\panachaitechaphaisal\documents\visual studio 2010\Projects\homework function\homework function\homework function.vcxproj" (build target(s)).

Build succeeded.

Time Elapsed 00:00:01.25
